Arguments: 
  /usr/local/bin/node /usr/local/bin/yarn

PATH: 
  /home/marcosreuquen/.local/bin:/usr/local/sbin:/usr/local/bin:/usr/sbin:/usr/bin:/sbin:/bin:/usr/games:/usr/local/games:/snap/bin

Yarn version: 
  1.22.10

Node version: 
  16.11.1

Platform: 
  linux x64

Trace: 
  Error: https://registry.yarnpkg.com/@parcel/optimizer-terser/-/optimizer-terser-2.0.0.tgz: Request failed "404 Not Found"
      at ResponseError.ExtendableBuiltin (/usr/local/lib/node_modules/yarn/lib/cli.js:696:66)
      at new ResponseError (/usr/local/lib/node_modules/yarn/lib/cli.js:802:124)
      at Request.<anonymous> (/usr/local/lib/node_modules/yarn/lib/cli.js:67058:16)
      at Request.emit (node:events:390:28)
      at Request.module.exports.Request.onRequestResponse (/usr/local/lib/node_modules/yarn/lib/cli.js:141539:10)
      at ClientRequest.emit (node:events:390:28)
      at HTTPParser.parserOnIncomingClient (node:_http_client:623:27)
      at HTTPParser.parserOnHeadersComplete (node:_http_common:128:17)
      at HTTPParser.execute (<anonymous>)
      at TLSSocket.socketOnData (node:_http_client:487:22)

npm manifest: 
  {
    "name": "petsapp-desafio",
    "version": "1.0.0",
    "license": "MIT",
    "scripts": {
      "dev:be": "nodemon --watch './server/index.ts' --exec 'ts-node ./server/index.ts'",
      "dev:fe": "parcel serve ./public/index.html --dist-dir ./public-dist",
      "dev": "yarn dev:fe && yarn dev:be",
      "build:be": "tsc",
      "build:fe": "parcel build ./public/index.html --dist-dir ./public-dist",
      "build": "yarn build:be && yarn build:fe",
      "start": "node ./server/index.js"
    },
    "dependencies": {
      "@sendgrid/mail": "^7.4.7",
      "@vaadin/router": "^1.7.4",
      "algoliasearch": "^4.10.5",
      "bearer-token": "^2.0.2",
      "cloudinary": "^1.27.0",
      "cors": "^2.8.5",
      "dotenv": "^10.0.0",
      "dropzone": "^5.9.3",
      "express": "^4.17.1",
      "jsonwebtoken": "^8.5.1",
      "mapbox": "^1.0.0-beta10",
      "nodemon": "^2.0.12",
      "parcel": "^2.0.0-rc.0",
      "pg": "^8.7.1",
      "pg-hstore": "^2.3.4",
      "sequelize": "^6.6.5",
      "typescript": "^4.4.3"
    }
  }

yarn manifest: 
  No manifest

Lockfile: 
  No lockfile
